d:\học kì 4\huong doi tuong\my_simple_paint\simple paint\release\vc142.pdb
d:\học kì 4\huong doi tuong\my_simple_paint\simple paint\release\tokenizer.obj
d:\học kì 4\huong doi tuong\my_simple_paint\simple paint\release\text.obj
d:\học kì 4\huong doi tuong\my_simple_paint\simple paint\release\simple paint.obj
d:\học kì 4\huong doi tuong\my_simple_paint\simple paint\release\myrectangle.obj
d:\học kì 4\huong doi tuong\my_simple_paint\simple paint\release\point.obj
d:\học kì 4\huong doi tuong\my_simple_paint\simple paint\release\myline.obj
d:\học kì 4\huong doi tuong\my_simple_paint\simple paint\release\myellipse.obj
d:\học kì 4\huong doi tuong\my_simple_paint\simple paint\release\mycurve.obj
d:\học kì 4\huong doi tuong\my_simple_paint\release\simple paint.exe
d:\học kì 4\huong doi tuong\my_simple_paint\release\simple paint.pdb
d:\học kì 4\huong doi tuong\my_simple_paint\simple paint\release\simple paint.res
d:\học kì 4\huong doi tuong\my_simple_paint\release\simple paint.ipdb
d:\học kì 4\huong doi tuong\my_simple_paint\release\simple paint.iobj
d:\học kì 4\huong doi tuong\my_simple_paint\simple paint\release\simple paint.tlog\cl.command.1.tlog
d:\học kì 4\huong doi tuong\my_simple_paint\simple paint\release\simple paint.tlog\cl.read.1.tlog
d:\học kì 4\huong doi tuong\my_simple_paint\simple paint\release\simple paint.tlog\cl.write.1.tlog
d:\học kì 4\huong doi tuong\my_simple_paint\simple paint\release\simple paint.tlog\link.command.1.tlog
d:\học kì 4\huong doi tuong\my_simple_paint\simple paint\release\simple paint.tlog\link.read.1.tlog
d:\học kì 4\huong doi tuong\my_simple_paint\simple paint\release\simple paint.tlog\link.write.1.tlog
d:\học kì 4\huong doi tuong\my_simple_paint\simple paint\release\simple paint.tlog\rc.command.1.tlog
d:\học kì 4\huong doi tuong\my_simple_paint\simple paint\release\simple paint.tlog\rc.read.1.tlog
d:\học kì 4\huong doi tuong\my_simple_paint\simple paint\release\simple paint.tlog\rc.write.1.tlog
d:\học kì 4\huong doi tuong\my_simple_paint\simple paint\release\simple paint.tlog\simple paint.write.1u.tlog
